<?xml version="1.0" encoding="UTF-8"?>
<testng-results skipped="0" failed="0" ignored="0" total="2" passed="2">
  <reporter-output>
  </reporter-output>
  <suite name="Suite" duration-ms="13095" started-at="2019-09-08T10:39:27Z" finished-at="2019-09-08T10:39:40Z">
    <groups>
      <group name="cucumber">
        <method signature="AbstractTestNGCucumberTests.runScenario(cucumber.api.testng.PickleEventWrapper, cucumber.api.testng.CucumberFeatureWrapper)[pri:0, instance:com.leafBot.testcases.TC001_LoginLogout@3e6fa38a]" name="runScenario" class="cucumber.api.testng.AbstractTestNGCucumberTests"/>
      </group> <!-- cucumber -->
    </groups>
    <test name="Test" duration-ms="13095" started-at="2019-09-08T10:39:27Z" finished-at="2019-09-08T10:39:40Z">
      <class name="com.leafBot.testcases.TC001_LoginLogout">
        <test-method status="PASS" signature="startReport()[pri:0, instance:com.leafBot.testcases.TC001_LoginLogout@3e6fa38a]" name="startReport" is-config="true" duration-ms="252" started-at="2019-09-08T10:39:27Z" finished-at="2019-09-08T10:39:27Z">
          <reporter-output>
          </reporter-output>
        </test-method> <!-- startReport -->
        <test-method status="PASS" signature="setData()[pri:0, instance:com.leafBot.testcases.TC001_LoginLogout@3e6fa38a]" name="setData" is-config="true" duration-ms="1" started-at="2019-09-08T10:39:27Z" finished-at="2019-09-08T10:39:27Z">
          <reporter-output>
          </reporter-output>
        </test-method> <!-- setData -->
        <test-method status="PASS" signature="setUpClass()[pri:0, instance:com.leafBot.testcases.TC001_LoginLogout@3e6fa38a]" name="setUpClass" is-config="true" duration-ms="82" started-at="2019-09-08T10:39:27Z" finished-at="2019-09-08T10:39:27Z">
          <reporter-output>
          </reporter-output>
        </test-method> <!-- setUpClass -->
        <test-method status="PASS" signature="report()[pri:0, instance:com.leafBot.testcases.TC001_LoginLogout@3e6fa38a]" name="report" is-config="true" duration-ms="5" started-at="2019-09-08T10:39:27Z" finished-at="2019-09-08T10:39:27Z">
          <reporter-output>
          </reporter-output>
        </test-method> <!-- report -->
        <test-method status="PASS" signature="beforeMethod()[pri:0, instance:com.leafBot.testcases.TC001_LoginLogout@3e6fa38a]" name="beforeMethod" is-config="true" duration-ms="4775" started-at="2019-09-08T10:39:28Z" finished-at="2019-09-08T10:39:33Z">
          <reporter-output>
          </reporter-output>
        </test-method> <!-- beforeMethod -->
        <test-method status="PASS" signature="runTC001(java.lang.String, java.lang.String)[pri:0, instance:com.leafBot.testcases.TC001_LoginLogout@3e6fa38a]" name="runTC001" duration-ms="1875" started-at="2019-09-08T10:39:33Z" data-provider="fetchData" finished-at="2019-09-08T10:39:35Z">
          <params>
            <param index="0">
              <value>
                <![CDATA[DemoSalesManager]]>
              </value>
            </param>
            <param index="1">
              <value>
                <![CDATA[crmsfa]]>
              </value>
            </param>
          </params>
          <reporter-output>
          </reporter-output>
        </test-method> <!-- runTC001 -->
        <test-method status="PASS" signature="afterMethod()[pri:0, instance:com.leafBot.testcases.TC001_LoginLogout@3e6fa38a]" name="afterMethod" is-config="true" duration-ms="86" started-at="2019-09-08T10:39:35Z" finished-at="2019-09-08T10:39:35Z">
          <reporter-output>
          </reporter-output>
        </test-method> <!-- afterMethod -->
        <test-method status="PASS" signature="beforeMethod()[pri:0, instance:com.leafBot.testcases.TC001_LoginLogout@3e6fa38a]" name="beforeMethod" is-config="true" duration-ms="3963" started-at="2019-09-08T10:39:35Z" finished-at="2019-09-08T10:39:39Z">
          <reporter-output>
          </reporter-output>
        </test-method> <!-- beforeMethod -->
        <test-method status="PASS" signature="runTC001(java.lang.String, java.lang.String)[pri:0, instance:com.leafBot.testcases.TC001_LoginLogout@3e6fa38a]" name="runTC001" duration-ms="1708" started-at="2019-09-08T10:39:39Z" data-provider="fetchData" finished-at="2019-09-08T10:39:40Z">
          <params>
            <param index="0">
              <value>
                <![CDATA[DemoCSR]]>
              </value>
            </param>
            <param index="1">
              <value>
                <![CDATA[crmsfa]]>
              </value>
            </param>
          </params>
          <reporter-output>
          </reporter-output>
        </test-method> <!-- runTC001 -->
        <test-method status="PASS" signature="afterMethod()[pri:0, instance:com.leafBot.testcases.TC001_LoginLogout@3e6fa38a]" name="afterMethod" is-config="true" duration-ms="74" started-at="2019-09-08T10:39:40Z" finished-at="2019-09-08T10:39:40Z">
          <reporter-output>
          </reporter-output>
        </test-method> <!-- afterMethod -->
        <test-method status="PASS" signature="tearDownClass()[pri:0, instance:com.leafBot.testcases.TC001_LoginLogout@3e6fa38a]" name="tearDownClass" is-config="true" duration-ms="9" started-at="2019-09-08T10:39:40Z" finished-at="2019-09-08T10:39:40Z">
          <reporter-output>
          </reporter-output>
        </test-method> <!-- tearDownClass -->
        <test-method status="PASS" signature="stopReport()[pri:0, instance:com.leafBot.testcases.TC001_LoginLogout@3e6fa38a]" name="stopReport" is-config="true" duration-ms="247" started-at="2019-09-08T10:39:41Z" finished-at="2019-09-08T10:39:41Z">
          <reporter-output>
          </reporter-output>
        </test-method> <!-- stopReport -->
      </class> <!-- com.leafBot.testcases.TC001_LoginLogout -->
    </test> <!-- Test -->
  </suite> <!-- Suite -->
</testng-results>
